c:\users\firef\documents\code dump\ajgl-866e9ea457f5bb9ac47092ebd06df0653fbf575e\ajgl-866e9ea457f5bb9ac47092ebd06df0653fbf575e\graphics\ajgl\debug\ajgl.pch
c:\users\firef\documents\code dump\ajgl-866e9ea457f5bb9ac47092ebd06df0653fbf575e\ajgl-866e9ea457f5bb9ac47092ebd06df0653fbf575e\graphics\ajgl\debug\vc142.pdb
c:\users\firef\documents\code dump\ajgl-866e9ea457f5bb9ac47092ebd06df0653fbf575e\ajgl-866e9ea457f5bb9ac47092ebd06df0653fbf575e\graphics\ajgl\debug\vc142.idb
c:\users\firef\documents\code dump\ajgl-866e9ea457f5bb9ac47092ebd06df0653fbf575e\ajgl-866e9ea457f5bb9ac47092ebd06df0653fbf575e\graphics\ajgl\debug\stdafx.obj
c:\users\firef\documents\code dump\ajgl-866e9ea457f5bb9ac47092ebd06df0653fbf575e\ajgl-866e9ea457f5bb9ac47092ebd06df0653fbf575e\graphics\ajgl\debug\shader.obj
c:\users\firef\documents\code dump\ajgl-866e9ea457f5bb9ac47092ebd06df0653fbf575e\ajgl-866e9ea457f5bb9ac47092ebd06df0653fbf575e\graphics\ajgl\debug\openglutils.obj
c:\users\firef\documents\code dump\ajgl-866e9ea457f5bb9ac47092ebd06df0653fbf575e\ajgl-866e9ea457f5bb9ac47092ebd06df0653fbf575e\graphics\ajgl\debug\mesh.obj
c:\users\firef\documents\code dump\ajgl-866e9ea457f5bb9ac47092ebd06df0653fbf575e\ajgl-866e9ea457f5bb9ac47092ebd06df0653fbf575e\graphics\ajgl\debug\ajgl.obj
c:\users\firef\documents\code dump\ajgl-866e9ea457f5bb9ac47092ebd06df0653fbf575e\ajgl-866e9ea457f5bb9ac47092ebd06df0653fbf575e\graphics\ajgl\debug\glad.obj
c:\users\firef\documents\code dump\ajgl-866e9ea457f5bb9ac47092ebd06df0653fbf575e\ajgl-866e9ea457f5bb9ac47092ebd06df0653fbf575e\graphics\ajgl\debug\model.obj
c:\users\firef\documents\code dump\ajgl-866e9ea457f5bb9ac47092ebd06df0653fbf575e\ajgl-866e9ea457f5bb9ac47092ebd06df0653fbf575e\graphics\ajgl\debug\resourcemanager.obj
c:\users\firef\documents\codedump\ajgl-866e9ea457f5bb9ac47092ebd06df0653fbf575e\ajgl-866e9ea457f5bb9ac47092ebd06df0653fbf575e\graphics\ajgl\debug\ajgl.pch
c:\users\firef\documents\codedump\ajgl-866e9ea457f5bb9ac47092ebd06df0653fbf575e\ajgl-866e9ea457f5bb9ac47092ebd06df0653fbf575e\graphics\ajgl\debug\vc142.pdb
c:\users\firef\documents\codedump\ajgl-866e9ea457f5bb9ac47092ebd06df0653fbf575e\ajgl-866e9ea457f5bb9ac47092ebd06df0653fbf575e\graphics\ajgl\debug\vc142.idb
c:\users\firef\documents\codedump\ajgl-866e9ea457f5bb9ac47092ebd06df0653fbf575e\ajgl-866e9ea457f5bb9ac47092ebd06df0653fbf575e\graphics\ajgl\debug\stdafx.obj
c:\users\firef\documents\code dump\ajgl-866e9ea457f5bb9ac47092ebd06df0653fbf575e\ajgl-866e9ea457f5bb9ac47092ebd06df0653fbf575e\graphics\debug\ajgl.exe
c:\users\firef\documents\code dump\ajgl-866e9ea457f5bb9ac47092ebd06df0653fbf575e\ajgl-866e9ea457f5bb9ac47092ebd06df0653fbf575e\graphics\ajgl\debug\ajgl.ilk
c:\users\firef\documents\code dump\ajgl-866e9ea457f5bb9ac47092ebd06df0653fbf575e\ajgl-866e9ea457f5bb9ac47092ebd06df0653fbf575e\graphics\debug\ajgl.pdb
c:\users\firef\documents\codedump\ajgl-866e9ea457f5bb9ac47092ebd06df0653fbf575e\ajgl-866e9ea457f5bb9ac47092ebd06df0653fbf575e\graphics\ajgl\debug\ajgl.obj
c:\users\firef\documents\codedump\ajgl-866e9ea457f5bb9ac47092ebd06df0653fbf575e\ajgl-866e9ea457f5bb9ac47092ebd06df0653fbf575e\graphics\ajgl\debug\glad.obj
c:\users\firef\documents\codedump\ajgl-866e9ea457f5bb9ac47092ebd06df0653fbf575e\ajgl-866e9ea457f5bb9ac47092ebd06df0653fbf575e\graphics\ajgl\debug\mesh.obj
c:\users\firef\documents\codedump\ajgl-866e9ea457f5bb9ac47092ebd06df0653fbf575e\ajgl-866e9ea457f5bb9ac47092ebd06df0653fbf575e\graphics\ajgl\debug\model.obj
c:\users\firef\documents\codedump\ajgl-866e9ea457f5bb9ac47092ebd06df0653fbf575e\ajgl-866e9ea457f5bb9ac47092ebd06df0653fbf575e\graphics\ajgl\debug\openglutils.obj
c:\users\firef\documents\codedump\ajgl-866e9ea457f5bb9ac47092ebd06df0653fbf575e\ajgl-866e9ea457f5bb9ac47092ebd06df0653fbf575e\graphics\ajgl\debug\resourcemanager.obj
c:\users\firef\documents\codedump\ajgl-866e9ea457f5bb9ac47092ebd06df0653fbf575e\ajgl-866e9ea457f5bb9ac47092ebd06df0653fbf575e\graphics\ajgl\debug\shader.obj
c:\users\firef\documents\codedump\ajgl-866e9ea457f5bb9ac47092ebd06df0653fbf575e\ajgl-866e9ea457f5bb9ac47092ebd06df0653fbf575e\graphics\ajgl\debug\ajgl.ilk
c:\users\firef\documents\codedump\ajgl-866e9ea457f5bb9ac47092ebd06df0653fbf575e\ajgl-866e9ea457f5bb9ac47092ebd06df0653fbf575e\graphics\debug\ajgl.pdb
c:\users\firef\documents\codedump\ajgl-866e9ea457f5bb9ac47092ebd06df0653fbf575e\ajgl-866e9ea457f5bb9ac47092ebd06df0653fbf575e\graphics\debug\ajgl.exe
c:\users\firef\documents\codedump\ajgl-866e9ea457f5bb9ac47092ebd06df0653fbf575e\ajgl-866e9ea457f5bb9ac47092ebd06df0653fbf575e\graphics\ajgl\debug\ajgl.tlog\cl.command.1.tlog
c:\users\firef\documents\codedump\ajgl-866e9ea457f5bb9ac47092ebd06df0653fbf575e\ajgl-866e9ea457f5bb9ac47092ebd06df0653fbf575e\graphics\ajgl\debug\ajgl.tlog\cl.read.1.tlog
c:\users\firef\documents\codedump\ajgl-866e9ea457f5bb9ac47092ebd06df0653fbf575e\ajgl-866e9ea457f5bb9ac47092ebd06df0653fbf575e\graphics\ajgl\debug\ajgl.tlog\cl.write.1.tlog
c:\users\firef\documents\codedump\ajgl-866e9ea457f5bb9ac47092ebd06df0653fbf575e\ajgl-866e9ea457f5bb9ac47092ebd06df0653fbf575e\graphics\ajgl\debug\ajgl.tlog\link.command.1.tlog
c:\users\firef\documents\codedump\ajgl-866e9ea457f5bb9ac47092ebd06df0653fbf575e\ajgl-866e9ea457f5bb9ac47092ebd06df0653fbf575e\graphics\ajgl\debug\ajgl.tlog\link.read.1.tlog
c:\users\firef\documents\codedump\ajgl-866e9ea457f5bb9ac47092ebd06df0653fbf575e\ajgl-866e9ea457f5bb9ac47092ebd06df0653fbf575e\graphics\ajgl\debug\ajgl.tlog\link.write.1.tlog
