  AJGL.cpp
  pbrmaterial.h is deprecated. Please update to PBR materials in materials.h and glTF-specific items in GltfMaterial.h
C:\Users\firef\Documents\CodeDump\AJGL-866e9ea457f5bb9ac47092ebd06df0653fbf575e\AJGL-866e9ea457f5bb9ac47092ebd06df0653fbf575e\Graphics\AJGL\AJGL.cpp(387,29): warning C4244: '=': conversion from 'double' to 'float', possible loss of data
C:\Users\firef\Documents\CodeDump\AJGL-866e9ea457f5bb9ac47092ebd06df0653fbf575e\AJGL-866e9ea457f5bb9ac47092ebd06df0653fbf575e\Graphics\AJGL\AJGL.cpp(499,11): warning C4244: '=': conversion from 'double' to 'float', possible loss of data
C:\Users\firef\Documents\CodeDump\AJGL-866e9ea457f5bb9ac47092ebd06df0653fbf575e\AJGL-866e9ea457f5bb9ac47092ebd06df0653fbf575e\Graphics\AJGL\AJGL.cpp(500,11): warning C4244: '=': conversion from 'double' to 'float', possible loss of data
C:\Users\firef\Documents\CodeDump\AJGL-866e9ea457f5bb9ac47092ebd06df0653fbf575e\AJGL-866e9ea457f5bb9ac47092ebd06df0653fbf575e\Graphics\AJGL\AJGL.cpp(504,16): warning C4244: 'initializing': conversion from 'double' to 'float', possible loss of data
C:\Users\firef\Documents\CodeDump\AJGL-866e9ea457f5bb9ac47092ebd06df0653fbf575e\AJGL-866e9ea457f5bb9ac47092ebd06df0653fbf575e\Graphics\AJGL\AJGL.cpp(505,16): warning C4244: 'initializing': conversion from 'double' to 'float', possible loss of data
C:\Users\firef\Documents\CodeDump\AJGL-866e9ea457f5bb9ac47092ebd06df0653fbf575e\AJGL-866e9ea457f5bb9ac47092ebd06df0653fbf575e\Graphics\AJGL\AJGL.cpp(507,10): warning C4244: '=': conversion from 'double' to 'float', possible loss of data
C:\Users\firef\Documents\CodeDump\AJGL-866e9ea457f5bb9ac47092ebd06df0653fbf575e\AJGL-866e9ea457f5bb9ac47092ebd06df0653fbf575e\Graphics\AJGL\AJGL.cpp(508,10): warning C4244: '=': conversion from 'double' to 'float', possible loss of data
C:\Users\firef\Documents\CodeDump\AJGL-866e9ea457f5bb9ac47092ebd06df0653fbf575e\AJGL-866e9ea457f5bb9ac47092ebd06df0653fbf575e\Graphics\AJGL\AJGL.cpp(515,28): warning C4244: 'argument': conversion from 'double' to 'float', possible loss of data
C:\Users\firef\Documents\CodeDump\AJGL-866e9ea457f5bb9ac47092ebd06df0653fbf575e\AJGL-866e9ea457f5bb9ac47092ebd06df0653fbf575e\Graphics\AJGL\AJGL.cpp(566,47): warning C4305: 'argument': truncation from 'double' to 'float'
C:\Users\firef\Documents\CodeDump\AJGL-866e9ea457f5bb9ac47092ebd06df0653fbf575e\AJGL-866e9ea457f5bb9ac47092ebd06df0653fbf575e\Graphics\AJGL\AJGL.cpp(567,51): warning C4305: 'argument': truncation from 'double' to 'float'
C:\Users\firef\Documents\CodeDump\AJGL-866e9ea457f5bb9ac47092ebd06df0653fbf575e\AJGL-866e9ea457f5bb9ac47092ebd06df0653fbf575e\Graphics\AJGL\AJGL.cpp(574,47): warning C4305: 'argument': truncation from 'double' to 'float'
C:\Users\firef\Documents\CodeDump\AJGL-866e9ea457f5bb9ac47092ebd06df0653fbf575e\AJGL-866e9ea457f5bb9ac47092ebd06df0653fbf575e\Graphics\AJGL\AJGL.cpp(575,51): warning C4305: 'argument': truncation from 'double' to 'float'
C:\Users\firef\Documents\CodeDump\AJGL-866e9ea457f5bb9ac47092ebd06df0653fbf575e\AJGL-866e9ea457f5bb9ac47092ebd06df0653fbf575e\Graphics\AJGL\AJGL.cpp(582,47): warning C4305: 'argument': truncation from 'double' to 'float'
C:\Users\firef\Documents\CodeDump\AJGL-866e9ea457f5bb9ac47092ebd06df0653fbf575e\AJGL-866e9ea457f5bb9ac47092ebd06df0653fbf575e\Graphics\AJGL\AJGL.cpp(583,51): warning C4305: 'argument': truncation from 'double' to 'float'
C:\Users\firef\Documents\CodeDump\AJGL-866e9ea457f5bb9ac47092ebd06df0653fbf575e\AJGL-866e9ea457f5bb9ac47092ebd06df0653fbf575e\Graphics\AJGL\AJGL.cpp(590,47): warning C4305: 'argument': truncation from 'double' to 'float'
C:\Users\firef\Documents\CodeDump\AJGL-866e9ea457f5bb9ac47092ebd06df0653fbf575e\AJGL-866e9ea457f5bb9ac47092ebd06df0653fbf575e\Graphics\AJGL\AJGL.cpp(591,51): warning C4305: 'argument': truncation from 'double' to 'float'
C:\Users\firef\Documents\CodeDump\AJGL-866e9ea457f5bb9ac47092ebd06df0653fbf575e\AJGL-866e9ea457f5bb9ac47092ebd06df0653fbf575e\Graphics\AJGL\AJGL.cpp(626,35): warning C4305: 'initializing': truncation from 'double' to 'float'
C:\Users\firef\Documents\CodeDump\AJGL-866e9ea457f5bb9ac47092ebd06df0653fbf575e\AJGL-866e9ea457f5bb9ac47092ebd06df0653fbf575e\Graphics\AJGL\AJGL.cpp(646,19): warning C4244: 'initializing': conversion from 'int' to 'float', possible loss of data
glfw3.lib(context.obj) : warning LNK4099: PDB 'glfw.pdb' was not found with 'glfw3.lib(context.obj)' or at 'C:\Users\firef\Documents\CodeDump\AJGL-866e9ea457f5bb9ac47092ebd06df0653fbf575e\AJGL-866e9ea457f5bb9ac47092ebd06df0653fbf575e\Graphics\Debug\glfw.pdb'; linking object as if no debug info
glfw3.lib(init.obj) : warning LNK4099: PDB 'glfw.pdb' was not found with 'glfw3.lib(init.obj)' or at 'C:\Users\firef\Documents\CodeDump\AJGL-866e9ea457f5bb9ac47092ebd06df0653fbf575e\AJGL-866e9ea457f5bb9ac47092ebd06df0653fbf575e\Graphics\Debug\glfw.pdb'; linking object as if no debug info
glfw3.lib(input.obj) : warning LNK4099: PDB 'glfw.pdb' was not found with 'glfw3.lib(input.obj)' or at 'C:\Users\firef\Documents\CodeDump\AJGL-866e9ea457f5bb9ac47092ebd06df0653fbf575e\AJGL-866e9ea457f5bb9ac47092ebd06df0653fbf575e\Graphics\Debug\glfw.pdb'; linking object as if no debug info
glfw3.lib(monitor.obj) : warning LNK4099: PDB 'glfw.pdb' was not found with 'glfw3.lib(monitor.obj)' or at 'C:\Users\firef\Documents\CodeDump\AJGL-866e9ea457f5bb9ac47092ebd06df0653fbf575e\AJGL-866e9ea457f5bb9ac47092ebd06df0653fbf575e\Graphics\Debug\glfw.pdb'; linking object as if no debug info
glfw3.lib(vulkan.obj) : warning LNK4099: PDB 'glfw.pdb' was not found with 'glfw3.lib(vulkan.obj)' or at 'C:\Users\firef\Documents\CodeDump\AJGL-866e9ea457f5bb9ac47092ebd06df0653fbf575e\AJGL-866e9ea457f5bb9ac47092ebd06df0653fbf575e\Graphics\Debug\glfw.pdb'; linking object as if no debug info
glfw3.lib(window.obj) : warning LNK4099: PDB 'glfw.pdb' was not found with 'glfw3.lib(window.obj)' or at 'C:\Users\firef\Documents\CodeDump\AJGL-866e9ea457f5bb9ac47092ebd06df0653fbf575e\AJGL-866e9ea457f5bb9ac47092ebd06df0653fbf575e\Graphics\Debug\glfw.pdb'; linking object as if no debug info
glfw3.lib(win32_init.obj) : warning LNK4099: PDB 'glfw.pdb' was not found with 'glfw3.lib(win32_init.obj)' or at 'C:\Users\firef\Documents\CodeDump\AJGL-866e9ea457f5bb9ac47092ebd06df0653fbf575e\AJGL-866e9ea457f5bb9ac47092ebd06df0653fbf575e\Graphics\Debug\glfw.pdb'; linking object as if no debug info
glfw3.lib(win32_joystick.obj) : warning LNK4099: PDB 'glfw.pdb' was not found with 'glfw3.lib(win32_joystick.obj)' or at 'C:\Users\firef\Documents\CodeDump\AJGL-866e9ea457f5bb9ac47092ebd06df0653fbf575e\AJGL-866e9ea457f5bb9ac47092ebd06df0653fbf575e\Graphics\Debug\glfw.pdb'; linking object as if no debug info
glfw3.lib(win32_monitor.obj) : warning LNK4099: PDB 'glfw.pdb' was not found with 'glfw3.lib(win32_monitor.obj)' or at 'C:\Users\firef\Documents\CodeDump\AJGL-866e9ea457f5bb9ac47092ebd06df0653fbf575e\AJGL-866e9ea457f5bb9ac47092ebd06df0653fbf575e\Graphics\Debug\glfw.pdb'; linking object as if no debug info
glfw3.lib(win32_time.obj) : warning LNK4099: PDB 'glfw.pdb' was not found with 'glfw3.lib(win32_time.obj)' or at 'C:\Users\firef\Documents\CodeDump\AJGL-866e9ea457f5bb9ac47092ebd06df0653fbf575e\AJGL-866e9ea457f5bb9ac47092ebd06df0653fbf575e\Graphics\Debug\glfw.pdb'; linking object as if no debug info
glfw3.lib(win32_thread.obj) : warning LNK4099: PDB 'glfw.pdb' was not found with 'glfw3.lib(win32_thread.obj)' or at 'C:\Users\firef\Documents\CodeDump\AJGL-866e9ea457f5bb9ac47092ebd06df0653fbf575e\AJGL-866e9ea457f5bb9ac47092ebd06df0653fbf575e\Graphics\Debug\glfw.pdb'; linking object as if no debug info
glfw3.lib(win32_window.obj) : warning LNK4099: PDB 'glfw.pdb' was not found with 'glfw3.lib(win32_window.obj)' or at 'C:\Users\firef\Documents\CodeDump\AJGL-866e9ea457f5bb9ac47092ebd06df0653fbf575e\AJGL-866e9ea457f5bb9ac47092ebd06df0653fbf575e\Graphics\Debug\glfw.pdb'; linking object as if no debug info
glfw3.lib(wgl_context.obj) : warning LNK4099: PDB 'glfw.pdb' was not found with 'glfw3.lib(wgl_context.obj)' or at 'C:\Users\firef\Documents\CodeDump\AJGL-866e9ea457f5bb9ac47092ebd06df0653fbf575e\AJGL-866e9ea457f5bb9ac47092ebd06df0653fbf575e\Graphics\Debug\glfw.pdb'; linking object as if no debug info
glfw3.lib(egl_context.obj) : warning LNK4099: PDB 'glfw.pdb' was not found with 'glfw3.lib(egl_context.obj)' or at 'C:\Users\firef\Documents\CodeDump\AJGL-866e9ea457f5bb9ac47092ebd06df0653fbf575e\AJGL-866e9ea457f5bb9ac47092ebd06df0653fbf575e\Graphics\Debug\glfw.pdb'; linking object as if no debug info
glfw3.lib(osmesa_context.obj) : warning LNK4099: PDB 'glfw.pdb' was not found with 'glfw3.lib(osmesa_context.obj)' or at 'C:\Users\firef\Documents\CodeDump\AJGL-866e9ea457f5bb9ac47092ebd06df0653fbf575e\AJGL-866e9ea457f5bb9ac47092ebd06df0653fbf575e\Graphics\Debug\glfw.pdb'; linking object as if no debug info
  AJGL.vcxproj -> C:\Users\firef\Documents\CodeDump\AJGL-866e9ea457f5bb9ac47092ebd06df0653fbf575e\AJGL-866e9ea457f5bb9ac47092ebd06df0653fbf575e\Graphics\Debug\AJGL.exe
